#! c:/iverilog-x86/bin/vvp
:ivl_version "10.0 (stable)" "(v10_0)";
:ivl_delay_selection "TYPICAL";
:vpi_time_precision - 12;
:vpi_module "system";
:vpi_module "vhdl_sys";
:vpi_module "v2005_math";
:vpi_module "va_math";
S_011ea050 .scope module, "test_bench" "test_bench" 2 3;
 .timescale -9 -12;
v011e8f90_0 .var "in_1", 13 0;
v011e3280_0 .var "in_2", 13 0;
v011e32d8_0 .var "index_2", 13 0;
v011e3330_0 .net "out_1", 13 0, L_011e3890;  1 drivers
S_011e31b0 .scope module, "add" "add" 2 19, 3 2 0, S_011ea050;
 .timescale -9 -12;
    .port_info 0 /INPUT 14 "in_1"
    .port_info 1 /INPUT 14 "in_2"
    .port_info 2 /OUTPUT 14 "out_1"
v011ea320_0 .net "in_1", 13 0, v011e8f90_0;  1 drivers
v011ea120_0 .net "in_2", 13 0, v011e3280_0;  1 drivers
v011e8f38_0 .net "out_1", 13 0, L_011e3890;  alias, 1 drivers
L_011e3890 .arith/sum 14, v011e8f90_0, v011e3280_0;
    .scope S_011ea050;
T_0 ;
    %vpi_call 2 7 "$display", "//***************************************" {0 0 0};
    %vpi_call 2 8 "$display", "//==top input : in_1,in_2" {0 0 0};
    %vpi_call 2 9 "$display", "//==top output :  out_1" {0 0 0};
    %vpi_call 2 10 "$display", "//***************************************" {0 0 0};
    %end;
    .thread T_0;
    .scope S_011ea050;
T_1 ;
    %vpi_call 2 17 "$display", "===module : add" {0 0 0};
    %end;
    .thread T_1;
    .scope S_011ea050;
T_2 ;
    %vpi_call 2 33 "$display", "===starting dump waveform" {0 0 0};
    %vpi_call 2 34 "$dumpfile", "add.vcd" {0 0 0};
    %vpi_call 2 35 "$dumpvars", 32'sb00000000000000000000000000000000, S_011e31b0 {0 0 0};
    %end;
    .thread T_2;
    .scope S_011ea050;
T_3 ;
    %pushi/vec4 0, 0, 14;
    %store/vec4 v011e8f90_0, 0, 14;
    %pushi/vec4 0, 0, 14;
    %store/vec4 v011e3280_0, 0, 14;
    %end;
    .thread T_3;
    .scope S_011ea050;
T_4 ;
    %pushi/vec4 0, 0, 14;
    %store/vec4 v011e32d8_0, 0, 14;
T_4.0 ;
    %load/vec4 v011e32d8_0;
    %cmpi/u 4, 0, 14;
    %jmp/0xz T_4.1, 5;
    %delay 1000000, 0;
    %load/vec4 v011e32d8_0;
    %addi 1, 0, 14;
    %vpi_call 2 47 "$display", "send : 0x%h, 0x%h", v011e32d8_0, S<0,vec4,u14> {1 0 0};
    %load/vec4 v011e32d8_0;
    %store/vec4 v011e8f90_0, 0, 14;
    %load/vec4 v011e32d8_0;
    %addi 1, 0, 14;
    %store/vec4 v011e3280_0, 0, 14;
    %load/vec4 v011e32d8_0;
    %addi 1, 0, 14;
    %store/vec4 v011e32d8_0, 0, 14;
    %jmp T_4.0;
T_4.1 ;
    %vpi_call 2 53 "$display", "===all done" {0 0 0};
    %delay 100000000, 0;
    %vpi_call 2 54 "$finish" {0 0 0};
    %end;
    .thread T_4;
# The file index is used to find the file name in the following table.
:file_names 4;
    "N/A";
    "<interactive>";
    "test_bench.v";
    "add.v";
